.build/app/intermediates/manifest_merge_blame_file/debug/processDebugMainManifest/manifest-merger-blame-debug-report.txt
1<?xml version="1.0" encoding="utf-8"?>
2<manifest xmlns:android="http://schemas.android.com/apk/res/android"
3    package="com.avalo.app"
4    android:versionCode="1"
5    android:versionName="1.0.0" >
6
7    <uses-sdk
8        android:minSdkVersion="24"
9        android:targetSdkVersion="36" />
10
11    <uses-permission android:name="android.permission.SYSTEM_ALERT_WINDOW" />
11-->src\main\AndroidManifest.xml:7:3-75
11-->src\main\AndroidManifest.xml:7:20-73
12    <uses-permission android:name="android.permission.ACCESS_COARSE_LOCATION" />
12-->src\main\AndroidManifest.xml:2:3-78
12-->src\main\AndroidManifest.xml:2:20-76
13    <uses-permission android:name="android.permission.ACCESS_FINE_LOCATION" />
13-->src\main\AndroidManifest.xml:3:3-76
13-->src\main\AndroidManifest.xml:3:20-74
14    <uses-permission android:name="android.permission.INTERNET" />
14-->src\main\AndroidManifest.xml:4:3-64
14-->src\main\AndroidManifest.xml:4:20-62
15    <uses-permission android:name="android.permission.READ_EXTERNAL_STORAGE" />
15-->src\main\AndroidManifest.xml:5:3-77
15-->src\main\AndroidManifest.xml:5:20-75
16    <uses-permission android:name="android.permission.RECORD_AUDIO" />
16-->src\main\AndroidManifest.xml:6:3-68
16-->src\main\AndroidManifest.xml:6:20-66
17    <uses-permission android:name="android.permission.VIBRATE" />
17-->src\main\AndroidManifest.xml:8:3-63
17-->src\main\AndroidManifest.xml:8:20-61
18    <uses-permission android:name="android.permission.WRITE_EXTERNAL_STORAGE" />
18-->src\main\AndroidManifest.xml:9:3-78
18-->src\main\AndroidManifest.xml:9:20-76
19
20    <queries>
20-->src\main\AndroidManifest.xml:10:3-16:13
21        <intent>
21-->src\main\AndroidManifest.xml:11:5-15:14
22            <action android:name="android.intent.action.VIEW" />
22-->src\main\AndroidManifest.xml:12:7-58
22-->src\main\AndroidManifest.xml:12:15-56
23
24            <category android:name="android.intent.category.BROWSABLE" />
24-->src\main\AndroidManifest.xml:13:7-67
24-->src\main\AndroidManifest.xml:13:17-65
25
26            <data android:scheme="https" />
26-->src\main\AndroidManifest.xml:14:7-37
26-->src\main\AndroidManifest.xml:14:13-35
27        </intent>
28
29        <package android:name="host.exp.exponent" />
29-->[:expo-dev-launcher] AndroidManifest.xml:8:9-53
29-->[:expo-dev-launcher] AndroidManifest.xml:8:18-50
30
31        <intent>
31-->[host.exp.exponent:expo.modules.imagepicker:17.0.10] AndroidManifest.xml:15:9-19:18
32
33            <!-- Required for picking images from the camera roll if targeting API 30 -->
34            <action android:name="android.media.action.IMAGE_CAPTURE" />
34-->[host.exp.exponent:expo.modules.imagepicker:17.0.10] AndroidManifest.xml:18:13-73
34-->[host.exp.exponent:expo.modules.imagepicker:17.0.10] AndroidManifest.xml:18:21-70
35        </intent>
36        <intent>
36-->[host.exp.exponent:expo.modules.imagepicker:17.0.10] AndroidManifest.xml:20:9-24:18
37
38            <!-- Required for picking images from the camera if targeting API 30 -->
39            <action android:name="android.media.action.ACTION_VIDEO_CAPTURE" />
39-->[host.exp.exponent:expo.modules.imagepicker:17.0.10] AndroidManifest.xml:23:13-80
39-->[host.exp.exponent:expo.modules.imagepicker:17.0.10] AndroidManifest.xml:23:21-77
40        </intent>
41        <intent>
41-->[com.vanniktech:android-image-cropper:4.6.0] AndroidManifest.xml:8:9-14:18
42            <action android:name="android.intent.action.GET_CONTENT" />
42-->[com.vanniktech:android-image-cropper:4.6.0] AndroidManifest.xml:9:13-72
42-->[com.vanniktech:android-image-cropper:4.6.0] AndroidManifest.xml:9:21-69
43
44            <category android:name="android.intent.category.OPENABLE" />
44-->[com.vanniktech:android-image-cropper:4.6.0] AndroidManifest.xml:11:13-73
44-->[com.vanniktech:android-image-cropper:4.6.0] AndroidManifest.xml:11:23-70
45
46            <data android:mimeType="*/*" />
46-->src\main\AndroidManifest.xml:14:7-37
47        </intent> <!-- Query open documents -->
48        <intent>
48-->[host.exp.exponent:expo.modules.filesystem:19.0.21] AndroidManifest.xml:15:9-17:18
49            <action android:name="android.intent.action.OPEN_DOCUMENT_TREE" />
49-->[host.exp.exponent:expo.modules.filesystem:19.0.21] AndroidManifest.xml:16:13-79
49-->[host.exp.exponent:expo.modules.filesystem:19.0.21] AndroidManifest.xml:16:21-76
50        </intent>
51    </queries> <!-- Required for picking images from camera directly -->
52    <uses-permission android:name="android.permission.CAMERA" />
52-->[host.exp.exponent:expo.modules.imagepicker:17.0.10] AndroidManifest.xml:8:5-65
52-->[host.exp.exponent:expo.modules.imagepicker:17.0.10] AndroidManifest.xml:8:22-62
53    <uses-permission android:name="android.permission.RECEIVE_BOOT_COMPLETED" />
53-->[host.exp.exponent:expo.modules.notifications:0.30.7] AndroidManifest.xml:7:5-81
53-->[host.exp.exponent:expo.modules.notifications:0.30.7] AndroidManifest.xml:7:22-78
54    <uses-permission android:name="android.permission.POST_NOTIFICATIONS" />
54-->[host.exp.exponent:expo.modules.notifications:0.30.7] AndroidManifest.xml:8:5-77
54-->[host.exp.exponent:expo.modules.notifications:0.30.7] AndroidManifest.xml:8:22-74
55    <uses-permission android:name="android.permission.ACCESS_NETWORK_STATE" />
55-->[com.google.firebase:firebase-messaging:24.0.1] AndroidManifest.xml:22:5-79
55-->[com.google.firebase:firebase-messaging:24.0.1] AndroidManifest.xml:22:22-76
56    <uses-permission android:name="android.permission.WAKE_LOCK" /> <!-- Required by older versions of Google Play services to create IID tokens -->
56-->[com.google.firebase:firebase-messaging:24.0.1] AndroidManifest.xml:24:5-68
56-->[com.google.firebase:firebase-messaging:24.0.1] AndroidManifest.xml:24:22-65
57    <uses-permission android:name="com.google.android.c2dm.permission.RECEIVE" />
57-->[com.google.firebase:firebase-messaging:24.0.1] AndroidManifest.xml:26:5-82
57-->[com.google.firebase:firebase-messaging:24.0.1] AndroidManifest.xml:26:22-79
58
59    <permission
59-->[androidx.core:core:1.15.0] AndroidManifest.xml:22:5-24:47
60        android:name="com.avalo.app.DYNAMIC_RECEIVER_NOT_EXPORTED_PERMISSION"
60-->[androidx.core:core:1.15.0] AndroidManifest.xml:23:9-81
61        android:protectionLevel="signature" />
61-->[androidx.core:core:1.15.0] AndroidManifest.xml:24:9-44
62
63    <uses-permission android:name="com.avalo.app.DYNAMIC_RECEIVER_NOT_EXPORTED_PERMISSION" />
63-->[androidx.core:core:1.15.0] AndroidManifest.xml:26:5-97
63-->[androidx.core:core:1.15.0] AndroidManifest.xml:26:22-94
64    <uses-permission android:name="com.google.android.finsky.permission.BIND_GET_INSTALL_REFERRER_SERVICE" /> <!-- for android -->
64-->[com.android.installreferrer:installreferrer:2.2] AndroidManifest.xml:9:5-110
64-->[com.android.installreferrer:installreferrer:2.2] AndroidManifest.xml:9:22-107
65    <!-- <uses-permission android:name="com.android.launcher.permission.READ_SETTINGS"/> -->
66    <!-- <uses-permission android:name="com.android.launcher.permission.WRITE_SETTINGS"/> -->
67    <!-- <uses-permission android:name="com.android.launcher.permission.INSTALL_SHORTCUT" /> -->
68    <!-- <uses-permission android:name="com.android.launcher.permission.UNINSTALL_SHORTCUT" /> -->
69    <!-- for Samsung -->
70    <uses-permission android:name="com.sec.android.provider.badge.permission.READ" />
70-->[me.leolin:ShortcutBadger:1.1.22] AndroidManifest.xml:19:5-86
70-->[me.leolin:ShortcutBadger:1.1.22] AndroidManifest.xml:19:22-83
71    <uses-permission android:name="com.sec.android.provider.badge.permission.WRITE" /> <!-- for htc -->
71-->[me.leolin:ShortcutBadger:1.1.22] AndroidManifest.xml:20:5-87
71-->[me.leolin:ShortcutBadger:1.1.22] AndroidManifest.xml:20:22-84
72    <uses-permission android:name="com.htc.launcher.permission.READ_SETTINGS" />
72-->[me.leolin:ShortcutBadger:1.1.22] AndroidManifest.xml:23:5-81
72-->[me.leolin:ShortcutBadger:1.1.22] AndroidManifest.xml:23:22-78
73    <uses-permission android:name="com.htc.launcher.permission.UPDATE_SHORTCUT" /> <!-- for sony -->
73-->[me.leolin:ShortcutBadger:1.1.22] AndroidManifest.xml:24:5-83
73-->[me.leolin:ShortcutBadger:1.1.22] AndroidManifest.xml:24:22-80
74    <uses-permission android:name="com.sonyericsson.home.permission.BROADCAST_BADGE" />
74-->[me.leolin:ShortcutBadger:1.1.22] AndroidManifest.xml:27:5-88
74-->[me.leolin:ShortcutBadger:1.1.22] AndroidManifest.xml:27:22-85
75    <uses-permission android:name="com.sonymobile.home.permission.PROVIDER_INSERT_BADGE" /> <!-- for apex -->
75-->[me.leolin:ShortcutBadger:1.1.22] AndroidManifest.xml:28:5-92
75-->[me.leolin:ShortcutBadger:1.1.22] AndroidManifest.xml:28:22-89
76    <uses-permission android:name="com.anddoes.launcher.permission.UPDATE_COUNT" /> <!-- for solid -->
76-->[me.leolin:ShortcutBadger:1.1.22] AndroidManifest.xml:31:5-84
76-->[me.leolin:ShortcutBadger:1.1.22] AndroidManifest.xml:31:22-81
77    <uses-permission android:name="com.majeur.launcher.permission.UPDATE_BADGE" /> <!-- for huawei -->
77-->[me.leolin:ShortcutBadger:1.1.22] AndroidManifest.xml:34:5-83
77-->[me.leolin:ShortcutBadger:1.1.22] AndroidManifest.xml:34:22-80
78    <uses-permission android:name="com.huawei.android.launcher.permission.CHANGE_BADGE" />
78-->[me.leolin:ShortcutBadger:1.1.22] AndroidManifest.xml:37:5-91
78-->[me.leolin:ShortcutBadger:1.1.22] AndroidManifest.xml:37:22-88
79    <uses-permission android:name="com.huawei.android.launcher.permission.READ_SETTINGS" />
79-->[me.leolin:ShortcutBadger:1.1.22] AndroidManifest.xml:38:5-92
79-->[me.leolin:ShortcutBadger:1.1.22] AndroidManifest.xml:38:22-89
80    <uses-permission android:name="com.huawei.android.launcher.permission.WRITE_SETTINGS" /> <!-- for ZUK -->
80-->[me.leolin:ShortcutBadger:1.1.22] AndroidManifest.xml:39:5-93
80-->[me.leolin:ShortcutBadger:1.1.22] AndroidManifest.xml:39:22-90
81    <uses-permission android:name="android.permission.READ_APP_BADGE" /> <!-- for OPPO -->
81-->[me.leolin:ShortcutBadger:1.1.22] AndroidManifest.xml:42:5-73
81-->[me.leolin:ShortcutBadger:1.1.22] AndroidManifest.xml:42:22-70
82    <uses-permission android:name="com.oppo.launcher.permission.READ_SETTINGS" />
82-->[me.leolin:ShortcutBadger:1.1.22] AndroidManifest.xml:45:5-82
82-->[me.leolin:ShortcutBadger:1.1.22] AndroidManifest.xml:45:22-79
83    <uses-permission android:name="com.oppo.launcher.permission.WRITE_SETTINGS" /> <!-- for EvMe -->
83-->[me.leolin:ShortcutBadger:1.1.22] AndroidManifest.xml:46:5-83
83-->[me.leolin:ShortcutBadger:1.1.22] AndroidManifest.xml:46:22-80
84    <uses-permission android:name="me.everything.badger.permission.BADGE_COUNT_READ" />
84-->[me.leolin:ShortcutBadger:1.1.22] AndroidManifest.xml:49:5-88
84-->[me.leolin:ShortcutBadger:1.1.22] AndroidManifest.xml:49:22-85
85    <uses-permission android:name="me.everything.badger.permission.BADGE_COUNT_WRITE" />
85-->[me.leolin:ShortcutBadger:1.1.22] AndroidManifest.xml:50:5-89
85-->[me.leolin:ShortcutBadger:1.1.22] AndroidManifest.xml:50:22-86
86
87    <application
87-->src\main\AndroidManifest.xml:17:3-34:17
88        android:name="com.avalo.app.MainApplication"
88-->src\main\AndroidManifest.xml:17:16-47
89        android:allowBackup="true"
89-->src\main\AndroidManifest.xml:17:162-188
90        android:appComponentFactory="androidx.core.app.CoreComponentFactory"
90-->[androidx.core:core:1.15.0] AndroidManifest.xml:28:18-86
91        android:debuggable="true"
92        android:enableOnBackInvokedCallback="false"
92-->src\main\AndroidManifest.xml:17:248-291
93        android:extractNativeLibs="false"
94        android:icon="@mipmap/ic_launcher"
94-->src\main\AndroidManifest.xml:17:81-115
95        android:label="@string/app_name"
95-->src\main\AndroidManifest.xml:17:48-80
96        android:roundIcon="@mipmap/ic_launcher_round"
96-->src\main\AndroidManifest.xml:17:116-161
97        android:supportsRtl="true"
97-->src\main\AndroidManifest.xml:17:221-247
98        android:theme="@style/AppTheme"
98-->src\main\AndroidManifest.xml:17:189-220
99        android:usesCleartextTraffic="true" >
99-->src\debug\AndroidManifest.xml:6:18-53
100        <meta-data
100-->src\main\AndroidManifest.xml:18:5-83
101            android:name="expo.modules.updates.ENABLED"
101-->src\main\AndroidManifest.xml:18:16-59
102            android:value="false" />
102-->src\main\AndroidManifest.xml:18:60-81
103        <meta-data
103-->src\main\AndroidManifest.xml:19:5-105
104            android:name="expo.modules.updates.EXPO_UPDATES_CHECK_ON_LAUNCH"
104-->src\main\AndroidManifest.xml:19:16-80
105            android:value="ALWAYS" />
105-->src\main\AndroidManifest.xml:19:81-103
106        <meta-data
106-->src\main\AndroidManifest.xml:20:5-99
107            android:name="expo.modules.updates.EXPO_UPDATES_LAUNCH_WAIT_MS"
107-->src\main\AndroidManifest.xml:20:16-79
108            android:value="0" />
108-->src\main\AndroidManifest.xml:20:80-97
109
110        <activity
110-->src\main\AndroidManifest.xml:21:5-33:16
111            android:name="com.avalo.app.MainActivity"
111-->src\main\AndroidManifest.xml:21:15-43
112            android:configChanges="keyboard|keyboardHidden|orientation|screenSize|screenLayout|uiMode"
112-->src\main\AndroidManifest.xml:21:44-134
113            android:exported="true"
113-->src\main\AndroidManifest.xml:21:256-279
114            android:launchMode="singleTask"
114-->src\main\AndroidManifest.xml:21:135-166
115            android:screenOrientation="portrait"
115-->src\main\AndroidManifest.xml:21:280-316
116            android:theme="@style/Theme.App.SplashScreen"
116-->src\main\AndroidManifest.xml:21:210-255
117            android:windowSoftInputMode="adjustResize" >
117-->src\main\AndroidManifest.xml:21:167-209
118            <intent-filter>
118-->src\main\AndroidManifest.xml:22:7-25:23
119                <action android:name="android.intent.action.MAIN" />
119-->src\main\AndroidManifest.xml:23:9-60
119-->src\main\AndroidManifest.xml:23:17-58
120
121                <category android:name="android.intent.category.LAUNCHER" />
121-->src\main\AndroidManifest.xml:24:9-68
121-->src\main\AndroidManifest.xml:24:19-66
122            </intent-filter>
123            <intent-filter>
123-->src\main\AndroidManifest.xml:26:7-32:23
124                <action android:name="android.intent.action.VIEW" />
124-->src\main\AndroidManifest.xml:12:7-58
124-->src\main\AndroidManifest.xml:12:15-56
125
126                <category android:name="android.intent.category.DEFAULT" />
126-->src\main\AndroidManifest.xml:28:9-67
126-->src\main\AndroidManifest.xml:28:19-65
127                <category android:name="android.intent.category.BROWSABLE" />
127-->src\main\AndroidManifest.xml:13:7-67
127-->src\main\AndroidManifest.xml:13:17-65
128
129                <data android:scheme="avalo" />
129-->src\main\AndroidManifest.xml:14:7-37
129-->src\main\AndroidManifest.xml:14:13-35
130                <data android:scheme="exp+avalo" />
130-->src\main\AndroidManifest.xml:14:7-37
130-->src\main\AndroidManifest.xml:14:13-35
131            </intent-filter>
132        </activity>
133        <activity
133-->[:expo-dev-launcher] AndroidManifest.xml:12:9-16:75
134            android:name="expo.modules.devlauncher.launcher.DevLauncherActivity"
134-->[:expo-dev-launcher] AndroidManifest.xml:13:13-81
135            android:exported="true"
135-->[:expo-dev-launcher] AndroidManifest.xml:14:13-36
136            android:launchMode="singleTask"
136-->[:expo-dev-launcher] AndroidManifest.xml:15:13-44
137            android:theme="@style/Theme.AppCompat.DayNight.NoActionBar" />
137-->[:expo-dev-launcher] AndroidManifest.xml:16:13-72
138        <activity
138-->[:expo-dev-launcher] AndroidManifest.xml:17:9-30:20
139            android:name="expo.modules.devlauncher.compose.AuthActivity"
139-->[:expo-dev-launcher] AndroidManifest.xml:18:13-73
140            android:exported="true"
140-->[:expo-dev-launcher] AndroidManifest.xml:19:13-36
141            android:launchMode="singleTask"
141-->[:expo-dev-launcher] AndroidManifest.xml:20:13-44
142            android:theme="@style/Theme.AppCompat.DayNight.NoActionBar" >
142-->[:expo-dev-launcher] AndroidManifest.xml:21:13-72
143            <intent-filter>
143-->[:expo-dev-launcher] AndroidManifest.xml:22:13-29:29
144                <action android:name="android.intent.action.VIEW" />
144-->src\main\AndroidManifest.xml:12:7-58
144-->src\main\AndroidManifest.xml:12:15-56
145
146                <category android:name="android.intent.category.DEFAULT" />
146-->src\main\AndroidManifest.xml:28:9-67
146-->src\main\AndroidManifest.xml:28:19-65
147                <category android:name="android.intent.category.BROWSABLE" />
147-->src\main\AndroidManifest.xml:13:7-67
147-->src\main\AndroidManifest.xml:13:17-65
148
149                <data android:scheme="expo-dev-launcher" />
149-->src\main\AndroidManifest.xml:14:7-37
149-->src\main\AndroidManifest.xml:14:13-35
150            </intent-filter>
151        </activity>
152        <activity
152-->[:expo-dev-launcher] AndroidManifest.xml:31:9-34:70
153            android:name="expo.modules.devlauncher.launcher.errors.DevLauncherErrorActivity"
153-->[:expo-dev-launcher] AndroidManifest.xml:32:13-93
154            android:screenOrientation="portrait"
154-->[:expo-dev-launcher] AndroidManifest.xml:33:13-49
155            android:theme="@style/Theme.DevLauncher.ErrorActivity" />
155-->[:expo-dev-launcher] AndroidManifest.xml:34:13-67
156
157        <meta-data
157-->[:expo-dev-launcher] AndroidManifest.xml:36:9-38:42
158            android:name="com.google.mlkit.vision.DEPENDENCIES"
158-->[:expo-dev-launcher] AndroidManifest.xml:37:13-64
159            android:value="barcode_ui" />
159-->[:expo-dev-launcher] AndroidManifest.xml:38:13-39
160        <meta-data
160-->[:expo-modules-core] AndroidManifest.xml:9:9-11:89
161            android:name="org.unimodules.core.AppLoader#react-native-headless"
161-->[:expo-modules-core] AndroidManifest.xml:10:13-79
162            android:value="expo.modules.adapters.react.apploader.RNHeadlessAppLoader" />
162-->[:expo-modules-core] AndroidManifest.xml:11:13-86
163        <meta-data
163-->[:expo-modules-core] AndroidManifest.xml:12:9-15:45
164            android:name="com.facebook.soloader.enabled"
164-->[:expo-modules-core] AndroidManifest.xml:13:13-57
165            android:value="true" />
165-->[:expo-modules-core] AndroidManifest.xml:14:13-33
166
167        <activity
167-->[com.facebook.react:react-android:0.81.5] AndroidManifest.xml:19:9-21:40
168            android:name="com.facebook.react.devsupport.DevSettingsActivity"
168-->[com.facebook.react:react-android:0.81.5] AndroidManifest.xml:20:13-77
169            android:exported="false" />
169-->[com.facebook.react:react-android:0.81.5] AndroidManifest.xml:21:13-37
170
171        <service
171-->[host.exp.exponent:expo.modules.imagepicker:17.0.10] AndroidManifest.xml:28:9-40:19
172            android:name="com.google.android.gms.metadata.ModuleDependencies"
172-->[host.exp.exponent:expo.modules.imagepicker:17.0.10] AndroidManifest.xml:29:13-78
173            android:enabled="false"
173-->[host.exp.exponent:expo.modules.imagepicker:17.0.10] AndroidManifest.xml:30:13-36
174            android:exported="false" >
174-->[host.exp.exponent:expo.modules.imagepicker:17.0.10] AndroidManifest.xml:31:13-37
175            <intent-filter>
175-->[host.exp.exponent:expo.modules.imagepicker:17.0.10] AndroidManifest.xml:33:13-35:29
176                <action android:name="com.google.android.gms.metadata.MODULE_DEPENDENCIES" />
176-->[host.exp.exponent:expo.modules.imagepicker:17.0.10] AndroidManifest.xml:34:17-94
176-->[host.exp.exponent:expo.modules.imagepicker:17.0.10] AndroidManifest.xml:34:25-91
177            </intent-filter>
178
179            <meta-data
179-->[host.exp.exponent:expo.modules.imagepicker:17.0.10] AndroidManifest.xml:37:13-39:36
180                android:name="photopicker_activity:0:required"
180-->[host.exp.exponent:expo.modules.imagepicker:17.0.10] AndroidManifest.xml:38:17-63
181                android:value="" />
181-->[host.exp.exponent:expo.modules.imagepicker:17.0.10] AndroidManifest.xml:39:17-33
182        </service>
183
184        <activity
184-->[host.exp.exponent:expo.modules.imagepicker:17.0.10] AndroidManifest.xml:42:9-46:48
185            android:name="expo.modules.imagepicker.ExpoCropImageActivity"
185-->[host.exp.exponent:expo.modules.imagepicker:17.0.10] AndroidManifest.xml:43:13-74
186            android:exported="false"
186-->[host.exp.exponent:expo.modules.imagepicker:17.0.10] AndroidManifest.xml:44:13-37
187            android:theme="@style/Base.Theme.AppCompat" /> <!-- https://developer.android.com/guide/topics/manifest/provider-element.html -->
187-->[host.exp.exponent:expo.modules.imagepicker:17.0.10] AndroidManifest.xml:45:13-56
188        <provider
188-->[host.exp.exponent:expo.modules.imagepicker:17.0.10] AndroidManifest.xml:48:9-56:20
189            android:name="expo.modules.imagepicker.fileprovider.ImagePickerFileProvider"
189-->[host.exp.exponent:expo.modules.imagepicker:17.0.10] AndroidManifest.xml:49:13-89
190            android:authorities="com.avalo.app.ImagePickerFileProvider"
190-->[host.exp.exponent:expo.modules.imagepicker:17.0.10] AndroidManifest.xml:50:13-75
191            android:exported="false"
191-->[host.exp.exponent:expo.modules.imagepicker:17.0.10] AndroidManifest.xml:51:13-37
192            android:grantUriPermissions="true" >
192-->[host.exp.exponent:expo.modules.imagepicker:17.0.10] AndroidManifest.xml:52:13-47
193            <meta-data
193-->[host.exp.exponent:expo.modules.imagepicker:17.0.10] AndroidManifest.xml:53:13-55:71
194                android:name="android.support.FILE_PROVIDER_PATHS"
194-->[host.exp.exponent:expo.modules.imagepicker:17.0.10] AndroidManifest.xml:54:17-67
195                android:resource="@xml/image_picker_provider_paths" />
195-->[host.exp.exponent:expo.modules.imagepicker:17.0.10] AndroidManifest.xml:55:17-68
196        </provider>
197        <provider
197-->[com.vanniktech:android-image-cropper:4.6.0] AndroidManifest.xml:21:9-29:20
198            android:name="com.canhub.cropper.CropFileProvider"
198-->[com.vanniktech:android-image-cropper:4.6.0] AndroidManifest.xml:22:13-63
199            android:authorities="com.avalo.app.cropper.fileprovider"
199-->[com.vanniktech:android-image-cropper:4.6.0] AndroidManifest.xml:23:13-72
200            android:exported="false"
200-->[com.vanniktech:android-image-cropper:4.6.0] AndroidManifest.xml:24:13-37
201            android:grantUriPermissions="true" >
201-->[com.vanniktech:android-image-cropper:4.6.0] AndroidManifest.xml:25:13-47
202            <meta-data
202-->[host.exp.exponent:expo.modules.imagepicker:17.0.10] AndroidManifest.xml:53:13-55:71
203                android:name="android.support.FILE_PROVIDER_PATHS"
203-->[host.exp.exponent:expo.modules.imagepicker:17.0.10] AndroidManifest.xml:54:17-67
204                android:resource="@xml/library_file_paths" />
204-->[host.exp.exponent:expo.modules.imagepicker:17.0.10] AndroidManifest.xml:55:17-68
205        </provider>
206
207        <activity
207-->[com.vanniktech:android-image-cropper:4.6.0] AndroidManifest.xml:31:9-33:39
208            android:name="com.canhub.cropper.CropImageActivity"
208-->[com.vanniktech:android-image-cropper:4.6.0] AndroidManifest.xml:32:13-64
209            android:exported="true" />
209-->[com.vanniktech:android-image-cropper:4.6.0] AndroidManifest.xml:33:13-36
210        <!--
211        This activity is an invisible delegate activity to start scanner activity
212        and receive result, so it's unnecessary to support screen orientation and
213        we can avoid any side effect from activity recreation in any case.
214        -->
215        <activity
215-->[com.google.android.gms:play-services-code-scanner:16.1.0] AndroidManifest.xml:15:9-20:20
216            android:name="com.google.mlkit.vision.codescanner.internal.GmsBarcodeScanningDelegateActivity"
216-->[com.google.android.gms:play-services-code-scanner:16.1.0] AndroidManifest.xml:16:13-107
217            android:exported="false"
217-->[com.google.android.gms:play-services-code-scanner:16.1.0] AndroidManifest.xml:17:13-37
218            android:screenOrientation="portrait" >
218-->[com.google.android.gms:play-services-code-scanner:16.1.0] AndroidManifest.xml:18:13-49
219        </activity>
220
221        <service
221-->[com.google.android.gms:play-services-mlkit-barcode-scanning:18.3.1] AndroidManifest.xml:9:9-15:19
222            android:name="com.google.mlkit.common.internal.MlKitComponentDiscoveryService"
222-->[com.google.android.gms:play-services-mlkit-barcode-scanning:18.3.1] AndroidManifest.xml:10:13-91
223            android:directBootAware="true"
223-->[com.google.mlkit:common:18.11.0] AndroidManifest.xml:17:13-43
224            android:exported="false" >
224-->[com.google.android.gms:play-services-mlkit-barcode-scanning:18.3.1] AndroidManifest.xml:11:13-37
225            <meta-data
225-->[com.google.android.gms:play-services-mlkit-barcode-scanning:18.3.1] AndroidManifest.xml:12:13-14:85
226                android:name="com.google.firebase.components:com.google.mlkit.vision.barcode.internal.BarcodeRegistrar"
226-->[com.google.android.gms:play-services-mlkit-barcode-scanning:18.3.1] AndroidManifest.xml:13:17-120
227                android:value="com.google.firebase.components.ComponentRegistrar" />
227-->[com.google.android.gms:play-services-mlkit-barcode-scanning:18.3.1] AndroidManifest.xml:14:17-82
228            <meta-data
228-->[com.google.mlkit:vision-common:17.3.0] AndroidManifest.xml:12:13-14:85
229                android:name="com.google.firebase.components:com.google.mlkit.vision.common.internal.VisionCommonRegistrar"
229-->[com.google.mlkit:vision-common:17.3.0] AndroidManifest.xml:13:17-124
230                android:value="com.google.firebase.components.ComponentRegistrar" />
230-->[com.google.mlkit:vision-common:17.3.0] AndroidManifest.xml:14:17-82
231            <meta-data
231-->[com.google.mlkit:common:18.11.0] AndroidManifest.xml:20:13-22:85
232                android:name="com.google.firebase.components:com.google.mlkit.common.internal.CommonComponentRegistrar"
232-->[com.google.mlkit:common:18.11.0] AndroidManifest.xml:21:17-120
233                android:value="com.google.firebase.components.ComponentRegistrar" />
233-->[com.google.mlkit:common:18.11.0] AndroidManifest.xml:22:17-82
234        </service>
235
236        <provider
236-->[com.google.mlkit:common:18.11.0] AndroidManifest.xml:9:9-13:38
237            android:name="com.google.mlkit.common.internal.MlKitInitProvider"
237-->[com.google.mlkit:common:18.11.0] AndroidManifest.xml:10:13-78
238            android:authorities="com.avalo.app.mlkitinitprovider"
238-->[com.google.mlkit:common:18.11.0] AndroidManifest.xml:11:13-69
239            android:exported="false"
239-->[com.google.mlkit:common:18.11.0] AndroidManifest.xml:12:13-37
240            android:initOrder="99" />
240-->[com.google.mlkit:common:18.11.0] AndroidManifest.xml:13:13-35
241        <provider
241-->[host.exp.exponent:expo.modules.filesystem:19.0.21] AndroidManifest.xml:21:9-30:20
242            android:name="expo.modules.filesystem.FileSystemFileProvider"
242-->[host.exp.exponent:expo.modules.filesystem:19.0.21] AndroidManifest.xml:22:13-74
243            android:authorities="com.avalo.app.FileSystemFileProvider"
243-->[host.exp.exponent:expo.modules.filesystem:19.0.21] AndroidManifest.xml:23:13-74
244            android:exported="false"
244-->[host.exp.exponent:expo.modules.filesystem:19.0.21] AndroidManifest.xml:24:13-37
245            android:grantUriPermissions="true" >
245-->[host.exp.exponent:expo.modules.filesystem:19.0.21] AndroidManifest.xml:25:13-47
246            <meta-data
246-->[host.exp.exponent:expo.modules.imagepicker:17.0.10] AndroidManifest.xml:53:13-55:71
247                android:name="android.support.FILE_PROVIDER_PATHS"
247-->[host.exp.exponent:expo.modules.imagepicker:17.0.10] AndroidManifest.xml:54:17-67
248                android:resource="@xml/file_system_provider_paths" />
248-->[host.exp.exponent:expo.modules.imagepicker:17.0.10] AndroidManifest.xml:55:17-68
249        </provider>
250
251        <service
251-->[host.exp.exponent:expo.modules.location:19.0.8] AndroidManifest.xml:11:9-14:56
252            android:name="expo.modules.location.services.LocationTaskService"
252-->[host.exp.exponent:expo.modules.location:19.0.8] AndroidManifest.xml:12:13-78
253            android:exported="false"
253-->[host.exp.exponent:expo.modules.location:19.0.8] AndroidManifest.xml:13:13-37
254            android:foregroundServiceType="location" />
254-->[host.exp.exponent:expo.modules.location:19.0.8] AndroidManifest.xml:14:13-53
255        <service
255-->[host.exp.exponent:expo.modules.notifications:0.30.7] AndroidManifest.xml:11:9-17:19
256            android:name="expo.modules.notifications.service.ExpoFirebaseMessagingService"
256-->[host.exp.exponent:expo.modules.notifications:0.30.7] AndroidManifest.xml:12:13-91
257            android:exported="false" >
257-->[host.exp.exponent:expo.modules.notifications:0.30.7] AndroidManifest.xml:13:13-37
258            <intent-filter android:priority="-1" >
258-->[host.exp.exponent:expo.modules.notifications:0.30.7] AndroidManifest.xml:14:13-16:29
258-->[host.exp.exponent:expo.modules.notifications:0.30.7] AndroidManifest.xml:14:28-49
259                <action android:name="com.google.firebase.MESSAGING_EVENT" />
259-->[host.exp.exponent:expo.modules.notifications:0.30.7] AndroidManifest.xml:15:17-78
259-->[host.exp.exponent:expo.modules.notifications:0.30.7] AndroidManifest.xml:15:25-75
260            </intent-filter>
261        </service>
262
263        <receiver
263-->[host.exp.exponent:expo.modules.notifications:0.30.7] AndroidManifest.xml:19:9-31:20
264            android:name="expo.modules.notifications.service.NotificationsService"